2025-03-02 23:32:39,883 - INFO - Created default bot configuration file: config/bot_config.yaml
2025-03-02 23:32:39,883 - INFO - Initialized TradeExecutor for wallet inj1your... on testnet
2025-03-02 23:32:39,883 - INFO - Risk manager initialized with max trade: $1.0, max daily loss: $0.1, max trades: 10
2025-03-02 23:32:39,883 - INFO - Attempting to fetch spot markets from https://sentry.injective.network/api/explorer/v1/spot_markets
2025-03-02 23:32:40,045 - WARNING - Request failed: HTTPSConnectionPool(host='sentry.injective.network', port=443): Max retries exceeded with url: /api/explorer/v1/spot_markets (Caused by NameResolutionError("<urllib3.connection.HTTPSConnection object at 0x000002BEE2122ED0>: Failed to resolve 'sentry.injective.network' ([Errno 11001] getaddrinfo failed)"))
2025-03-02 23:32:40,045 - INFO - Retrying in 1 seconds...
2025-03-02 23:32:41,048 - INFO - Attempting to fetch spot markets from https://sentry.injective.network/api/explorer/v1/spot_markets
2025-03-02 23:32:41,049 - WARNING - Request failed: HTTPSConnectionPool(host='sentry.injective.network', port=443): Max retries exceeded with url: /api/explorer/v1/spot_markets (Caused by NameResolutionError("<urllib3.connection.HTTPSConnection object at 0x000002BEE21679E0>: Failed to resolve 'sentry.injective.network' ([Errno 11001] getaddrinfo failed)"))
2025-03-02 23:32:41,049 - INFO - Retrying in 1 seconds...
2025-03-02 23:32:42,050 - INFO - Attempting to fetch spot markets from https://sentry.injective.network/api/explorer/v1/spot_markets
2025-03-02 23:32:42,051 - WARNING - Request failed: HTTPSConnectionPool(host='sentry.injective.network', port=443): Max retries exceeded with url: /api/explorer/v1/spot_markets (Caused by NameResolutionError("<urllib3.connection.HTTPSConnection object at 0x000002BEDF537860>: Failed to resolve 'sentry.injective.network' ([Errno 11001] getaddrinfo failed)"))
2025-03-02 23:32:42,051 - INFO - Attempting to fetch spot markets from https://api.injective.exchange/api/explorer/v1/spot_markets
2025-03-02 23:32:43,365 - WARNING - Failed to fetch spot markets: 404
2025-03-02 23:32:43,365 - INFO - Attempting to fetch spot markets from https://api.injective.exchange/api/explorer/v1/spot_markets
2025-03-02 23:32:44,142 - WARNING - Failed to fetch spot markets: 404
2025-03-02 23:32:44,142 - INFO - Attempting to fetch spot markets from https://api.injective.exchange/api/explorer/v1/spot_markets
2025-03-02 23:32:44,938 - WARNING - Failed to fetch spot markets: 404
2025-03-02 23:32:44,938 - INFO - Attempting to fetch spot markets from https://k8s.mainnet.injective.network/api/explorer/v1/spot_markets
2025-03-02 23:32:44,992 - WARNING - Request failed: HTTPSConnectionPool(host='k8s.mainnet.injective.network', port=443): Max retries exceeded with url: /api/explorer/v1/spot_markets (Caused by NameResolutionError("<urllib3.connection.HTTPSConnection object at 0x000002BEE2184CB0>: Failed to resolve 'k8s.mainnet.injective.network' ([Errno 11001] getaddrinfo failed)"))
2025-03-02 23:32:44,992 - INFO - Retrying in 1 seconds...
2025-03-02 23:32:46,002 - INFO - Attempting to fetch spot markets from https://k8s.mainnet.injective.network/api/explorer/v1/spot_markets
2025-03-02 23:32:46,003 - WARNING - Request failed: HTTPSConnectionPool(host='k8s.mainnet.injective.network', port=443): Max retries exceeded with url: /api/explorer/v1/spot_markets (Caused by NameResolutionError("<urllib3.connection.HTTPSConnection object at 0x000002BEE2185730>: Failed to resolve 'k8s.mainnet.injective.network' ([Errno 11001] getaddrinfo failed)"))
2025-03-02 23:32:46,003 - INFO - Retrying in 1 seconds...
2025-03-02 23:32:47,004 - INFO - Attempting to fetch spot markets from https://k8s.mainnet.injective.network/api/explorer/v1/spot_markets
2025-03-02 23:32:47,005 - WARNING - Request failed: HTTPSConnectionPool(host='k8s.mainnet.injective.network', port=443): Max retries exceeded with url: /api/explorer/v1/spot_markets (Caused by NameResolutionError("<urllib3.connection.HTTPSConnection object at 0x000002BEE2186030>: Failed to resolve 'k8s.mainnet.injective.network' ([Errno 11001] getaddrinfo failed)"))
2025-03-02 23:32:47,007 - INFO - Attempting to fetch spot markets from https://testnet.sentry.injective.network/api/explorer/v1/spot_markets
2025-03-02 23:32:47,107 - WARNING - Request failed: HTTPSConnectionPool(host='testnet.sentry.injective.network', port=443): Max retries exceeded with url: /api/explorer/v1/spot_markets (Caused by NameResolutionError("<urllib3.connection.HTTPSConnection object at 0x000002BEE21869F0>: Failed to resolve 'testnet.sentry.injective.network' ([Errno 11001] getaddrinfo failed)"))
2025-03-02 23:32:47,108 - INFO - Retrying in 1 seconds...
2025-03-02 23:32:48,108 - INFO - Attempting to fetch spot markets from https://testnet.sentry.injective.network/api/explorer/v1/spot_markets
2025-03-02 23:32:48,108 - WARNING - Request failed: HTTPSConnectionPool(host='testnet.sentry.injective.network', port=443): Max retries exceeded with url: /api/explorer/v1/spot_markets (Caused by NameResolutionError("<urllib3.connection.HTTPSConnection object at 0x000002BEE21674D0>: Failed to resolve 'testnet.sentry.injective.network' ([Errno 11001] getaddrinfo failed)"))
2025-03-02 23:32:48,108 - INFO - Retrying in 1 seconds...
2025-03-02 23:32:49,112 - INFO - Attempting to fetch spot markets from https://testnet.sentry.injective.network/api/explorer/v1/spot_markets
2025-03-02 23:32:49,114 - WARNING - Request failed: HTTPSConnectionPool(host='testnet.sentry.injective.network', port=443): Max retries exceeded with url: /api/explorer/v1/spot_markets (Caused by NameResolutionError("<urllib3.connection.HTTPSConnection object at 0x000002BEE2185F70>: Failed to resolve 'testnet.sentry.injective.network' ([Errno 11001] getaddrinfo failed)"))
2025-03-02 23:32:49,114 - ERROR - All endpoints failed. Last error: HTTPSConnectionPool(host='testnet.sentry.injective.network', port=443): Max retries exceeded with url: /api/explorer/v1/spot_markets (Caused by NameResolutionError("<urllib3.connection.HTTPSConnection object at 0x000002BEE2185F70>: Failed to resolve 'testnet.sentry.injective.network' ([Errno 11001] getaddrinfo failed)"))
2025-03-02 23:32:49,114 - INFO - Using mock data for development purposes
2025-03-02 23:32:49,114 - INFO - Starting arbitrage bot for agent agent10
2025-03-02 23:32:49,114 - INFO - Monitoring token pairs: INJ/USDT, ETH/USDT, BTC/USDT
2025-03-02 23:32:49,114 - INFO - Checking prices for INJ/USDT...
2025-03-02 23:32:49,114 - INFO - Using mock cross-exchange price data for INJ/USDT
2025-03-02 23:32:49,114 - INFO - No arbitrage opportunity found for INJ/USDT
2025-03-02 23:32:49,116 - INFO - Checking prices for ETH/USDT...
2025-03-02 23:32:49,116 - INFO - Using mock cross-exchange price data for ETH/USDT
2025-03-02 23:32:49,116 - INFO - No arbitrage opportunity found for ETH/USDT
2025-03-02 23:32:49,116 - INFO - Checking prices for BTC/USDT...
2025-03-02 23:32:49,116 - INFO - Using mock cross-exchange price data for BTC/USDT
2025-03-02 23:32:49,116 - INFO - No arbitrage opportunity found for BTC/USDT
2025-03-02 23:32:49,116 - INFO - Bot statistics after 0.0 minutes:
2025-03-02 23:32:49,116 - INFO - Opportunities found: 0
2025-03-02 23:32:49,116 - INFO - Trades executed: 0
2025-03-02 23:32:49,116 - INFO - Successful trades: 0
2025-03-02 23:32:49,116 - INFO - Total profit: $0.00
2025-03-02 23:32:49,116 - INFO - Waiting 10 seconds until next check...
2025-03-02 23:32:59,118 - INFO - Checking prices for INJ/USDT...
2025-03-02 23:32:59,118 - INFO - Using mock cross-exchange price data for INJ/USDT
2025-03-02 23:32:59,118 - INFO - No arbitrage opportunity found for INJ/USDT
2025-03-02 23:32:59,118 - INFO - Checking prices for ETH/USDT...
2025-03-02 23:32:59,118 - INFO - Using mock cross-exchange price data for ETH/USDT
2025-03-02 23:32:59,118 - INFO - No arbitrage opportunity found for ETH/USDT
2025-03-02 23:32:59,118 - INFO - Checking prices for BTC/USDT...
2025-03-02 23:32:59,118 - INFO - Using mock cross-exchange price data for BTC/USDT
2025-03-02 23:32:59,118 - INFO - No arbitrage opportunity found for BTC/USDT
2025-03-02 23:32:59,118 - INFO - Waiting 10 seconds until next check...
2025-03-02 23:33:09,122 - INFO - Checking prices for INJ/USDT...
2025-03-02 23:33:09,122 - INFO - Using mock cross-exchange price data for INJ/USDT
2025-03-02 23:33:09,122 - INFO - No arbitrage opportunity found for INJ/USDT
2025-03-02 23:33:09,122 - INFO - Checking prices for ETH/USDT...
2025-03-02 23:33:09,122 - INFO - Using mock cross-exchange price data for ETH/USDT
2025-03-02 23:33:09,122 - INFO - No arbitrage opportunity found for ETH/USDT
2025-03-02 23:33:09,122 - INFO - Checking prices for BTC/USDT...
2025-03-02 23:33:09,122 - INFO - Using mock cross-exchange price data for BTC/USDT
2025-03-02 23:33:09,123 - INFO - No arbitrage opportunity found for BTC/USDT
2025-03-02 23:33:09,123 - INFO - Waiting 10 seconds until next check...
2025-03-02 23:33:19,124 - INFO - Checking prices for INJ/USDT...
2025-03-02 23:33:19,124 - INFO - Using mock cross-exchange price data for INJ/USDT
2025-03-02 23:33:19,124 - INFO - No arbitrage opportunity found for INJ/USDT
2025-03-02 23:33:19,124 - INFO - Checking prices for ETH/USDT...
2025-03-02 23:33:19,124 - INFO - Using mock cross-exchange price data for ETH/USDT
2025-03-02 23:33:19,124 - INFO - No arbitrage opportunity found for ETH/USDT
2025-03-02 23:33:19,124 - INFO - Checking prices for BTC/USDT...
2025-03-02 23:33:19,124 - INFO - Using mock cross-exchange price data for BTC/USDT
2025-03-02 23:33:19,124 - INFO - No arbitrage opportunity found for BTC/USDT
2025-03-02 23:33:19,124 - INFO - Waiting 10 seconds until next check...
2025-03-02 23:33:29,128 - INFO - Checking prices for INJ/USDT...
2025-03-02 23:33:29,128 - INFO - Using mock cross-exchange price data for INJ/USDT
2025-03-02 23:33:29,128 - INFO - No arbitrage opportunity found for INJ/USDT
2025-03-02 23:33:29,130 - INFO - Checking prices for ETH/USDT...
2025-03-02 23:33:29,130 - INFO - Using mock cross-exchange price data for ETH/USDT
2025-03-02 23:33:29,130 - INFO - No arbitrage opportunity found for ETH/USDT
2025-03-02 23:33:29,130 - INFO - Checking prices for BTC/USDT...
2025-03-02 23:33:29,130 - INFO - Using mock cross-exchange price data for BTC/USDT
2025-03-02 23:33:29,130 - INFO - No arbitrage opportunity found for BTC/USDT
2025-03-02 23:33:29,130 - INFO - Waiting 10 seconds until next check...
2025-03-02 23:33:39,132 - INFO - Checking prices for INJ/USDT...
2025-03-02 23:33:39,132 - INFO - Using mock cross-exchange price data for INJ/USDT
2025-03-02 23:33:39,132 - INFO - No arbitrage opportunity found for INJ/USDT
2025-03-02 23:33:39,132 - INFO - Checking prices for ETH/USDT...
2025-03-02 23:33:39,132 - INFO - Using mock cross-exchange price data for ETH/USDT
2025-03-02 23:33:39,134 - INFO - No arbitrage opportunity found for ETH/USDT
2025-03-02 23:33:39,134 - INFO - Checking prices for BTC/USDT...
2025-03-02 23:33:39,134 - INFO - Using mock cross-exchange price data for BTC/USDT
2025-03-02 23:33:39,134 - INFO - No arbitrage opportunity found for BTC/USDT
2025-03-02 23:33:39,134 - INFO - Waiting 10 seconds until next check...
2025-03-02 23:33:49,135 - INFO - Checking prices for INJ/USDT...
2025-03-02 23:33:49,135 - INFO - Using mock cross-exchange price data for INJ/USDT
2025-03-02 23:33:49,135 - INFO - No arbitrage opportunity found for INJ/USDT
2025-03-02 23:33:49,135 - INFO - Checking prices for ETH/USDT...
2025-03-02 23:33:49,135 - INFO - Using mock cross-exchange price data for ETH/USDT
2025-03-02 23:33:49,135 - INFO - No arbitrage opportunity found for ETH/USDT
2025-03-02 23:33:49,136 - INFO - Checking prices for BTC/USDT...
2025-03-02 23:33:49,136 - INFO - Using mock cross-exchange price data for BTC/USDT
2025-03-02 23:33:49,136 - INFO - No arbitrage opportunity found for BTC/USDT
2025-03-02 23:33:49,136 - INFO - Waiting 10 seconds until next check...
2025-03-02 23:33:59,138 - INFO - Checking prices for INJ/USDT...
2025-03-02 23:33:59,138 - INFO - Using mock cross-exchange price data for INJ/USDT
2025-03-02 23:33:59,138 - INFO - No arbitrage opportunity found for INJ/USDT
2025-03-02 23:33:59,138 - INFO - Checking prices for ETH/USDT...
2025-03-02 23:33:59,138 - INFO - Using mock cross-exchange price data for ETH/USDT
2025-03-02 23:33:59,138 - INFO - No arbitrage opportunity found for ETH/USDT
2025-03-02 23:33:59,138 - INFO - Checking prices for BTC/USDT...
2025-03-02 23:33:59,138 - INFO - Using mock cross-exchange price data for BTC/USDT
2025-03-02 23:33:59,138 - INFO - No arbitrage opportunity found for BTC/USDT
2025-03-02 23:33:59,138 - INFO - Waiting 10 seconds until next check...
2025-03-02 23:34:09,142 - INFO - Checking prices for INJ/USDT...
2025-03-02 23:34:09,142 - INFO - Using mock cross-exchange price data for INJ/USDT
2025-03-02 23:34:09,142 - INFO - No arbitrage opportunity found for INJ/USDT
2025-03-02 23:34:09,142 - INFO - Checking prices for ETH/USDT...
2025-03-02 23:34:09,142 - INFO - Using mock cross-exchange price data for ETH/USDT
2025-03-02 23:34:09,142 - INFO - No arbitrage opportunity found for ETH/USDT
2025-03-02 23:34:09,142 - INFO - Checking prices for BTC/USDT...
2025-03-02 23:34:09,142 - INFO - Using mock cross-exchange price data for BTC/USDT
2025-03-02 23:34:09,142 - INFO - No arbitrage opportunity found for BTC/USDT
2025-03-02 23:34:09,142 - INFO - Waiting 10 seconds until next check...
2025-03-02 23:34:19,145 - INFO - Checking prices for INJ/USDT...
2025-03-02 23:34:19,145 - INFO - Using mock cross-exchange price data for INJ/USDT
2025-03-02 23:34:19,145 - INFO - No arbitrage opportunity found for INJ/USDT
2025-03-02 23:34:19,145 - INFO - Checking prices for ETH/USDT...
2025-03-02 23:34:19,146 - INFO - Using mock cross-exchange price data for ETH/USDT
2025-03-02 23:34:19,146 - INFO - No arbitrage opportunity found for ETH/USDT
2025-03-02 23:34:19,146 - INFO - Checking prices for BTC/USDT...
2025-03-02 23:34:19,146 - INFO - Using mock cross-exchange price data for BTC/USDT
2025-03-02 23:34:19,146 - INFO - No arbitrage opportunity found for BTC/USDT
2025-03-02 23:34:19,146 - INFO - Waiting 10 seconds until next check...
2025-03-02 23:34:29,147 - INFO - Checking prices for INJ/USDT...
2025-03-02 23:34:29,147 - INFO - Using mock cross-exchange price data for INJ/USDT
2025-03-02 23:34:29,147 - INFO - No arbitrage opportunity found for INJ/USDT
2025-03-02 23:34:29,147 - INFO - Checking prices for ETH/USDT...
2025-03-02 23:34:29,149 - INFO - Using mock cross-exchange price data for ETH/USDT
2025-03-02 23:34:29,149 - INFO - No arbitrage opportunity found for ETH/USDT
2025-03-02 23:34:29,149 - INFO - Checking prices for BTC/USDT...
2025-03-02 23:34:29,149 - INFO - Using mock cross-exchange price data for BTC/USDT
2025-03-02 23:34:29,149 - INFO - No arbitrage opportunity found for BTC/USDT
2025-03-02 23:34:29,149 - INFO - Waiting 10 seconds until next check...
2025-03-02 23:34:39,151 - INFO - Checking prices for INJ/USDT...
2025-03-02 23:34:39,151 - INFO - Using mock cross-exchange price data for INJ/USDT
2025-03-02 23:34:39,151 - INFO - No arbitrage opportunity found for INJ/USDT
2025-03-02 23:34:39,151 - INFO - Checking prices for ETH/USDT...
2025-03-02 23:34:39,151 - INFO - Using mock cross-exchange price data for ETH/USDT
2025-03-02 23:34:39,151 - INFO - No arbitrage opportunity found for ETH/USDT
2025-03-02 23:34:39,151 - INFO - Checking prices for BTC/USDT...
2025-03-02 23:34:39,151 - INFO - Using mock cross-exchange price data for BTC/USDT
2025-03-02 23:34:39,151 - INFO - No arbitrage opportunity found for BTC/USDT
2025-03-02 23:34:39,151 - INFO - Waiting 10 seconds until next check...
2025-03-02 23:34:49,154 - INFO - Checking prices for INJ/USDT...
2025-03-02 23:34:49,154 - INFO - Using mock cross-exchange price data for INJ/USDT
2025-03-02 23:34:49,154 - INFO - No arbitrage opportunity found for INJ/USDT
2025-03-02 23:34:49,154 - INFO - Checking prices for ETH/USDT...
2025-03-02 23:34:49,154 - INFO - Using mock cross-exchange price data for ETH/USDT
2025-03-02 23:34:49,154 - INFO - No arbitrage opportunity found for ETH/USDT
2025-03-02 23:34:49,154 - INFO - Checking prices for BTC/USDT...
2025-03-02 23:34:49,154 - INFO - Using mock cross-exchange price data for BTC/USDT
2025-03-02 23:34:49,154 - INFO - No arbitrage opportunity found for BTC/USDT
2025-03-02 23:34:49,154 - INFO - Waiting 10 seconds until next check...
2025-03-02 23:34:59,156 - INFO - Checking prices for INJ/USDT...
2025-03-02 23:34:59,156 - INFO - Using mock cross-exchange price data for INJ/USDT
2025-03-02 23:34:59,156 - INFO - No arbitrage opportunity found for INJ/USDT
2025-03-02 23:34:59,156 - INFO - Checking prices for ETH/USDT...
2025-03-02 23:34:59,156 - INFO - Using mock cross-exchange price data for ETH/USDT
2025-03-02 23:34:59,156 - INFO - No arbitrage opportunity found for ETH/USDT
2025-03-02 23:34:59,156 - INFO - Checking prices for BTC/USDT...
2025-03-02 23:34:59,156 - INFO - Using mock cross-exchange price data for BTC/USDT
2025-03-02 23:34:59,156 - INFO - No arbitrage opportunity found for BTC/USDT
2025-03-02 23:34:59,156 - INFO - Waiting 10 seconds until next check...
2025-03-02 23:35:09,159 - INFO - Checking prices for INJ/USDT...
2025-03-02 23:35:09,159 - INFO - Using mock cross-exchange price data for INJ/USDT
2025-03-02 23:35:09,159 - INFO - No arbitrage opportunity found for INJ/USDT
2025-03-02 23:35:09,159 - INFO - Checking prices for ETH/USDT...
2025-03-02 23:35:09,159 - INFO - Using mock cross-exchange price data for ETH/USDT
2025-03-02 23:35:09,159 - INFO - No arbitrage opportunity found for ETH/USDT
2025-03-02 23:35:09,159 - INFO - Checking prices for BTC/USDT...
2025-03-02 23:35:09,159 - INFO - Using mock cross-exchange price data for BTC/USDT
2025-03-02 23:35:09,159 - INFO - No arbitrage opportunity found for BTC/USDT
2025-03-02 23:35:09,159 - INFO - Waiting 10 seconds until next check...
2025-03-02 23:35:19,162 - INFO - Checking prices for INJ/USDT...
2025-03-02 23:35:19,162 - INFO - Using mock cross-exchange price data for INJ/USDT
2025-03-02 23:35:19,162 - INFO - No arbitrage opportunity found for INJ/USDT
2025-03-02 23:35:19,162 - INFO - Checking prices for ETH/USDT...
2025-03-02 23:35:19,162 - INFO - Using mock cross-exchange price data for ETH/USDT
2025-03-02 23:35:19,162 - INFO - No arbitrage opportunity found for ETH/USDT
2025-03-02 23:35:19,162 - INFO - Checking prices for BTC/USDT...
2025-03-02 23:35:19,162 - INFO - Using mock cross-exchange price data for BTC/USDT
2025-03-02 23:35:19,162 - INFO - No arbitrage opportunity found for BTC/USDT
2025-03-02 23:35:19,162 - INFO - Waiting 10 seconds until next check...
2025-03-02 23:35:26,030 - INFO - Bot stopped by user
2025-03-02 23:35:26,030 - INFO - Final statistics after 2.6 minutes:
2025-03-02 23:35:26,030 - INFO - Opportunities found: 0
2025-03-02 23:35:26,030 - INFO - Trades executed: 0
2025-03-02 23:35:26,030 - INFO - Successful trades: 0
2025-03-02 23:35:26,030 - INFO - Total profit: $0.00
